[08:44:02] [ServerMain/INFO]: [bootstrap] Running Java 21 (OpenJDK 64-Bit Server VM 21.0.11+10-1-24.04.2-Ubuntu; Ubuntu null) on Linux 6.8.0-1052-azure (amd64)
[08:44:02] [ServerMain/INFO]: [bootstrap] Loading Paper 1.21.1-57-master@b483da4 (2024-09-01T18:09:05Z) for Minecraft 1.21.1
[08:44:02] [ServerMain/INFO]: [PluginInitializerManager] Initializing plugins...
[08:44:04] [ServerMain/INFO]: [PluginInitializerManager] Initialized 2 plugins
[08:44:04] [ServerMain/INFO]: [PluginInitializerManager] Bukkit plugins (2):
 - Essentials (2.22.0), RestoreTheSkin (1.4)
[08:44:10] [ServerMain/INFO]: Environment: Environment[sessionHost=https://sessionserver.mojang.com, servicesHost=https://api.minecraftservices.com, name=PROD]
[08:44:13] [ServerMain/INFO]: Loaded 1290 recipes
[08:44:14] [ServerMain/INFO]: Loaded 1399 advancements
[08:44:14] [Server thread/INFO]: Starting minecraft server version 1.21.1
[08:44:14] [Server thread/INFO]: Loading properties
[08:44:14] [Server thread/INFO]: This server is running Paper version 1.21.1-57-master@b483da4 (2024-09-01T18:09:05Z) (Implementing API version 1.21.1-R0.1-SNAPSHOT)
[08:44:15] [Server thread/INFO]: [spark] This server bundles the spark profiler. For more information please visit https://docs.papermc.io/paper/profiling
[08:44:15] [Server thread/INFO]: Server Ping Player Sample Count: 12
[08:44:15] [Server thread/INFO]: Using 4 threads for Netty based IO
[08:44:16] [Server thread/INFO]: [ChunkTaskScheduler] Chunk system is using 1 I/O threads, 1 worker threads, and population gen parallelism of 1 threads
[08:44:17] [Server thread/INFO]: Default game type: SURVIVAL
[08:44:17] [Server thread/INFO]: Generating keypair
[08:44:17] [Server thread/INFO]: Starting Minecraft server on *:25565
[08:44:17] [Server thread/INFO]: Using epoll channel type
[08:44:17] [Server thread/INFO]: Paper: Using libdeflate (Linux x86_64) compression from Velocity.
[08:44:17] [Server thread/INFO]: Paper: Using OpenSSL 3.0.x (Linux x86_64) cipher from Velocity.
[08:44:18] [Server thread/INFO]: [RestoreTheSkin] Loading server plugin RestoreTheSkin v1.4
[08:44:18] [Server thread/INFO]: [Essentials] Loading server plugin Essentials v2.22.0
[08:44:18] [Server thread/INFO]: Server permissions file permissions.yml is empty, ignoring it
[08:44:18] [Server thread/WARN]: **** SERVER IS RUNNING IN OFFLINE/INSECURE MODE!
[08:44:18] [Server thread/WARN]: The server will make no attempt to authenticate usernames. Beware.
[08:44:18] [Server thread/WARN]: While this makes the game possible to play without internet access, it also opens up the ability for hackers to connect with any username they choose.
[08:44:18] [Server thread/WARN]: To change this, set "online-mode" to "true" in the server.properties file.
[08:44:18] [Server thread/INFO]: Preparing level "world"
[08:44:19] [Server thread/INFO]: Preparing start region for dimension minecraft:overworld
[08:44:21] [Server thread/INFO]: Time elapsed: 2341 ms
[08:44:21] [Server thread/INFO]: Preparing start region for dimension minecraft:the_nether
[08:44:22] [Server thread/INFO]: Time elapsed: 573 ms
[08:44:22] [Server thread/INFO]: Preparing start region for dimension minecraft:the_end
[08:44:22] [Server thread/INFO]: Time elapsed: 324 ms
[08:44:22] [Server thread/INFO]: [RestoreTheSkin] Enabling RestoreTheSkin v1.4
[08:44:22] [Server thread/INFO]: [Essentials] Enabling Essentials v2.22.0
[08:44:24] [Server thread/ERROR]: [Essentials] You are running an unsupported server version!
[08:44:25] [Server thread/INFO]: [Essentials] Attempting to convert old kits in config.yml to new kits.yml
[08:44:25] [Server thread/INFO]: [Essentials] No kits found to migrate.
[08:44:25] [Server thread/INFO]: [Essentials] Starting Essentials ban format conversion
[08:44:25] [Server thread/INFO]: [Essentials] Found 4 files to convert...
[08:44:25] [Server thread/INFO]: [Essentials] Converted 0/4
[08:44:25] [Server thread/INFO]: [Essentials] Ban format update complete.
[08:44:25] [Server thread/INFO]: [Essentials] Attempting to migrate ignore list to UUIDs
[08:44:25] [Server thread/INFO]: [Essentials] Done converting ignore list.
[08:44:25] [Server thread/INFO]: [Essentials] Attempting to migrate legacy userdata keys to Configurate
[08:44:25] [Server thread/INFO]: [Essentials] Done converting legacy userdata keys to Configurate.
[08:44:25] [Server thread/INFO]: [Essentials] Done converting mail list.
[08:44:25] [Server thread/INFO]: [Essentials] #===========================================================================#
[08:44:25] [Server thread/INFO]: [Essentials]  EssentialsX will now purge any NPC accounts which were incorrectly created.
[08:44:25] [Server thread/INFO]: [Essentials]  Only NPC accounts with the default starting balance will be deleted. If
[08:44:25] [Server thread/INFO]: [Essentials]  they turn out to be valid NPC accounts, they will be re-created as needed.
[08:44:25] [Server thread/INFO]: [Essentials]  Any files deleted here will be backed up to the 
[08:44:25] [Server thread/INFO]: [Essentials]  "plugins/Essentials/userdata-npc-backup" folder. If you notice any files
[08:44:25] [Server thread/INFO]: [Essentials]  have been purged incorrectly, you should restore it from the backup and
[08:44:25] [Server thread/INFO]: [Essentials]  report it to us on GitHub:
[08:44:25] [Server thread/INFO]: [Essentials]  https://github.com/EssentialsX/Essentials/issues/new/choose
[08:44:25] [Server thread/INFO]: [Essentials] 
[08:44:25] [Server thread/INFO]: [Essentials]  NOTE: This is a one-time process and will take several minutes if you have
[08:44:25] [Server thread/INFO]: [Essentials]  a lot of userdata files! If you interrupt this process, EssentialsX will
[08:44:25] [Server thread/INFO]: [Essentials]  skip the process until you rename or remove the backup folder.
[08:44:25] [Server thread/INFO]: [Essentials] #===========================================================================#
[08:44:25] [Server thread/INFO]: [Essentials] Found ~4 files under "plugins/Essentials/userdata"...
[08:44:25] [Server thread/INFO]: [Essentials] #===========================================================================#
[08:44:25] [Server thread/INFO]: [Essentials]  EssentialsX has finished purging NPC accounts.
[08:44:25] [Server thread/INFO]: [Essentials] 
[08:44:25] [Server thread/INFO]: [Essentials]  Deleted accounts: 0
[08:44:25] [Server thread/INFO]: [Essentials]  Total accounts processed: 4
[08:44:25] [Server thread/INFO]: [Essentials] 
[08:44:25] [Server thread/INFO]: [Essentials]  Purged accounts have been backed up to
[08:44:25] [Server thread/INFO]: [Essentials]  "plugins/Essentials/userdata-npc-backup", and can be restored from there
[08:44:25] [Server thread/INFO]: [Essentials]  if needed. Please report any files which have been incorrectly deleted
[08:44:25] [Server thread/INFO]: [Essentials]  to us on GitHub:
[08:44:25] [Server thread/INFO]: [Essentials]  https://github.com/EssentialsX/Essentials/issues/new/choose
[08:44:25] [Server thread/INFO]: [Essentials] #===========================================================================#
[08:44:26] [Server thread/INFO]: [Essentials] Selected Reflection Sync Commands Provider as the provider for SyncCommandsProvider
[08:44:26] [Server thread/INFO]: [Essentials] Selected Paper Container Provider as the provider for ContainerProvider
[08:44:26] [Server thread/INFO]: [Essentials] Selected 1.8.3+ Spawner Item Provider as the provider for SpawnerItemProvider
[08:44:26] [Server thread/INFO]: [Essentials] Selected Paper Server State Provider as the provider for ServerStateProvider
[08:44:26] [Server thread/INFO]: [Essentials] Selected 1.17.1+ World Info Provider as the provider for WorldInfoProvider
[08:44:26] [Server thread/INFO]: [Essentials] Selected 1.20.6+ Potion Meta Provider as the provider for PotionMetaProvider
[08:44:26] [Server thread/INFO]: [Essentials] Selected Reflection Formatted Command Alias Provider as the provider for FormattedCommandAliasProvider
[08:44:26] [Server thread/INFO]: [Essentials] Selected 1.20.5+ Banner Data Provider as the provider for BannerDataProvider
[08:44:26] [Server thread/INFO]: [Essentials] Selected Reflection Online Mode Provider as the provider for OnlineModeProvider
[08:44:26] [Server thread/INFO]: [Essentials] Selected Paper Biome Key Provider as the provider for BiomeKeyProvider
[08:44:26] [Server thread/INFO]: [Essentials] Selected 1.21+ InventoryView Interface ABI Provider as the provider for InventoryViewProvider
[08:44:26] [Server thread/INFO]: [Essentials] Selected Paper Material Tag Provider as the provider for MaterialTagProvider
[08:44:26] [Server thread/INFO]: [Essentials] Selected Paper Tick Count Provider as the provider for TickCountProvider
[08:44:26] [Server thread/INFO]: [Essentials] Selected Legacy Biome Name Provider as the provider for BiomeNameProvider
[08:44:26] [Server thread/INFO]: [Essentials] Selected 1.20.4+ Damage Event Provider as the provider for DamageEventProvider
[08:44:26] [Server thread/INFO]: [Essentials] Selected 1.12+ Spawner Block Provider as the provider for SpawnerBlockProvider
[08:44:26] [Server thread/INFO]: [Essentials] Selected 1.14.4+ Persistent Data Container Provider as the provider for PersistentDataProvider
[08:44:26] [Server thread/INFO]: [Essentials] Selected 1.13+ Spawn Egg Provider as the provider for SpawnEggProvider
[08:44:26] [Server thread/INFO]: [Essentials] Selected Paper Serialization Provider as the provider for SerializationProvider
[08:44:26] [Server thread/INFO]: [Essentials] Selected 1.14+ Sign Data Provider as the provider for SignDataProvider
[08:44:26] [Server thread/INFO]: [Essentials] Selected Paper 1.13+ Tile Entity Provider as the provider for TileEntityProvider
[08:44:26] [Server thread/INFO]: [Essentials] Selected 1.12.2+ Player Locale Provider as the provider for PlayerLocaleProvider
[08:44:26] [Server thread/INFO]: [Essentials] Selected 1.11+ Item Unbreakable Provider as the provider for ItemUnbreakableProvider
[08:44:26] [Server thread/INFO]: [Essentials] Selected Paper Known Commands Provider as the provider for KnownCommandsProvider
[08:44:26] [Server thread/INFO]: [Essentials] Loaded 46312 items from items.json.
[08:44:26] [Server thread/INFO]: [Essentials] Using locale en
[08:44:27] [Server thread/INFO]: [Essentials] ServerListPingEvent: Spigot iterator API
[08:44:27] [Server thread/INFO]: [Essentials] Starting Metrics. Opt-out using the global bStats config.
[08:44:27] [Server thread/INFO]: [Essentials] Using superperms-based permissions.
[08:44:28] [Server thread/INFO]: [spark] Starting background profiler...
[08:44:29] [Server thread/INFO]: Done preparing level "world" (10.976s)
[08:44:29] [Server thread/INFO]: Running delayed init tasks
[08:44:29] [Craft Scheduler Thread - 2 - Essentials/INFO]: [Essentials] Fetching version information...
[08:44:29] [Server thread/INFO]: Done (29.042s)! For help, type "help"
[08:44:29] [Server thread/INFO]: Timings Reset
[08:44:29] [Craft Scheduler Thread - 3 - RestoreTheSkin/INFO]: [RestoreTheSkin] §eThere is a new version of RestoreTheSkin! Version {0}. Download it here: {1}1.4 OPTIMIZED
